2025-12-24 09:56:32,568 ERROR: Exception on /user/test [GET] [in /home/ubuntu/microblog/venv/lib/python3.12/site-packages/flask/app.py:875]
Traceback (most recent call last):
  File "/home/ubuntu/microblog/venv/lib/python3.12/site-packages/flask/app.py", line 1511, in wsgi_app
    response = self.full_dispatch_request()
               ^^^^^^^^^^^^^^^^^^^^^^^^^^^^
  File "/home/ubuntu/microblog/venv/lib/python3.12/site-packages/flask/app.py", line 919, in full_dispatch_request
    rv = self.handle_user_exception(e)
         ^^^^^^^^^^^^^^^^^^^^^^^^^^^^^
  File "/home/ubuntu/microblog/venv/lib/python3.12/site-packages/flask/app.py", line 917, in full_dispatch_request
    rv = self.dispatch_request()
         ^^^^^^^^^^^^^^^^^^^^^^^
  File "/home/ubuntu/microblog/venv/lib/python3.12/site-packages/flask/app.py", line 902, in dispatch_request
    return self.ensure_sync(self.view_functions[rule.endpoint])(**view_args)  # type: ignore[no-any-return]
           ^^^^^^^^^^^^^^^^^^^^^^^^^^^^^^^^^^^^^^^^^^^^^^^^^^^^^^^^^^^^^^^^^
  File "/home/ubuntu/microblog/venv/lib/python3.12/site-packages/flask_login/utils.py", line 290, in decorated_view
    return current_app.ensure_sync(func)(*args, **kwargs)
           ^^^^^^^^^^^^^^^^^^^^^^^^^^^^^^^^^^^^^^^^^^^^^^
  File "/home/ubuntu/microblog/app/main/routes.py", line 73, in user
    return render_template('user.html',user=user, posts=posts, form=form, next_url=next_url, prev_url=prev_url)
           ^^^^^^^^^^^^^^^^^^^^^^^^^^^^^^^^^^^^^^^^^^^^^^^^^^^^^^^^^^^^^^^^^^^^^^^^^^^^^^^^^^^^^^^^^^^^^^^^^^^^
  File "/home/ubuntu/microblog/venv/lib/python3.12/site-packages/flask/templating.py", line 150, in render_template
    return _render(app, template, context)
           ^^^^^^^^^^^^^^^^^^^^^^^^^^^^^^^
  File "/home/ubuntu/microblog/venv/lib/python3.12/site-packages/flask/templating.py", line 131, in _render
    rv = template.render(context)
         ^^^^^^^^^^^^^^^^^^^^^^^^
  File "/home/ubuntu/microblog/venv/lib/python3.12/site-packages/jinja2/environment.py", line 1295, in render
    self.environment.handle_exception()
  File "/home/ubuntu/microblog/venv/lib/python3.12/site-packages/jinja2/environment.py", line 942, in handle_exception
    raise rewrite_traceback_stack(source=source)
  File "/home/ubuntu/microblog/app/templates/user.html", line 1, in top-level template code
    {% extends "index.html" %}
    ^^^^^^^^^^^^^^^^^^^^^^^^^
  File "/home/ubuntu/microblog/app/templates/index.html", line 1, in top-level template code
    {% extends "base.html" %} {% block content %}
    ^^^^^^^^^^^^^^^^^^^^^^^^^
  File "/home/ubuntu/microblog/app/templates/base.html", line 111, in top-level template code
    {% endfor %} {% endif %} {% endwith %} {% block content %}{% endblock %}
    ^^^^^^^^^^^^^^^^^^^^^^^^^
  File "/home/ubuntu/microblog/app/templates/user.html", line 28, in block 'content'
    {% if not current_user.get_task_in_progress('export_posts') %}
    ^^^^^^^^^^^^^^^^^^^^^^^^^
  File "/home/ubuntu/microblog/venv/lib/python3.12/site-packages/jinja2/utils.py", line 92, in from_obj
    if hasattr(obj, "jinja_pass_arg"):
       ^^^^^^^^^^^^^^^^^^^^^^^^^^^^^^
jinja2.exceptions.UndefinedError: 'app.models.User object' has no attribute 'get_task_in_progress'
2025-12-24 09:58:56,068 ERROR: Unhandled exception [in /home/ubuntu/microblog/app/tasks.py:43]
Traceback (most recent call last):
  File "/home/ubuntu/microblog/app/tasks.py", line 35, in export_posts
    time.sleep(5)
    ^^^^^^^^^^
AttributeError: 'builtin_function_or_method' object has no attribute 'sleep'
2025-12-24 10:05:51,899 ERROR: Unhandled exception [in /home/ubuntu/microblog/app/tasks.py:43]
Traceback (most recent call last):
  File "/home/ubuntu/microblog/app/tasks.py", line 37, in export_posts
    _set_task_progress(100 *i // total_posts)
TypeError: 'int' object is not callable
2025-12-24 10:09:31,447 ERROR: Unhandled exception [in /home/ubuntu/microblog/app/tasks.py:43]
Traceback (most recent call last):
  File "/home/ubuntu/microblog/app/tasks.py", line 37, in export_posts
    _set_task_progress(100 *i // total_posts)
TypeError: 'int' object is not callable
2025-12-24 10:10:39,895 ERROR: Unhandled exception [in /home/ubuntu/microblog/app/tasks.py:43]
Traceback (most recent call last):
  File "/home/ubuntu/microblog/app/tasks.py", line 40, in export_posts
    text_body=render_template('email/export_posts.txt', user=user), html_body=render_template('email/export_posts.html', user=user),
              ^^^^^^^^^^^^^^^^^^^^^^^^^^^^^^^^^^^^^^^^^^^^^^^^^^^^
  File "/home/ubuntu/microblog/venv/lib/python3.12/site-packages/flask/templating.py", line 149, in render_template
    template = app.jinja_env.get_or_select_template(template_name_or_list)
               ^^^^^^^^^^^^^^^^^^^^^^^^^^^^^^^^^^^^^^^^^^^^^^^^^^^^^^^^^^^
  File "/home/ubuntu/microblog/venv/lib/python3.12/site-packages/jinja2/environment.py", line 1087, in get_or_select_template
    return self.get_template(template_name_or_list, parent, globals)
           ^^^^^^^^^^^^^^^^^^^^^^^^^^^^^^^^^^^^^^^^^^^^^^^^^^^^^^^^^
  File "/home/ubuntu/microblog/venv/lib/python3.12/site-packages/jinja2/environment.py", line 1016, in get_template
    return self._load_template(name, globals)
           ^^^^^^^^^^^^^^^^^^^^^^^^^^^^^^^^^^
  File "/home/ubuntu/microblog/venv/lib/python3.12/site-packages/jinja2/environment.py", line 975, in _load_template
    template = self.loader.load(self, name, self.make_globals(globals))
               ^^^^^^^^^^^^^^^^^^^^^^^^^^^^^^^^^^^^^^^^^^^^^^^^^^^^^^^^
  File "/home/ubuntu/microblog/venv/lib/python3.12/site-packages/jinja2/loaders.py", line 126, in load
    source, filename, uptodate = self.get_source(environment, name)
                                 ^^^^^^^^^^^^^^^^^^^^^^^^^^^^^^^^^^
  File "/home/ubuntu/microblog/venv/lib/python3.12/site-packages/flask/templating.py", line 65, in get_source
    return self._get_source_fast(environment, template)
           ^^^^^^^^^^^^^^^^^^^^^^^^^^^^^^^^^^^^^^^^^^^^
  File "/home/ubuntu/microblog/venv/lib/python3.12/site-packages/flask/templating.py", line 99, in _get_source_fast
    raise TemplateNotFound(template)
jinja2.exceptions.TemplateNotFound: email/export_posts.txt
2025-12-24 10:26:57,590 ERROR: Unhandled exception [in /home/ubuntu/microblog/app/tasks.py:46]
Traceback (most recent call last):
  File "/home/ubuntu/microblog/app/tasks.py", line 43, in export_posts
    attachments=[('posts.json', 'application/json', base64.b64decode(json.dumps({'posts': data}, indent=4).decode('utf-8')))], sync=True)
                                                    ^^^^^^
NameError: name 'base64' is not defined. Did you forget to import 'base64'
2025-12-24 10:27:58,680 ERROR: Unhandled exception [in /home/ubuntu/microblog/app/tasks.py:47]
Traceback (most recent call last):
  File "/home/ubuntu/microblog/app/tasks.py", line 44, in export_posts
    attachments=[('posts.json', 'application/json', base64.b64decode(json.dumps({'posts': data}, indent=4).decode('utf-8')))], sync=True)
                                                                     ^^^^^^^^^^^^^^^^^^^^^^^^^^^^^^^^^^^^^^^^^^^^
AttributeError: 'str' object has no attribute 'decode'. Did you mean: 'encode'?
